2025-02-12 16:57:07,467 - INFO - package: mysql.connector.plugins
2025-02-12 16:57:07,467 - INFO - plugin_name: caching_sha2_password
2025-02-12 16:57:07,467 - INFO - AUTHENTICATION_PLUGIN_CLASS: MySQLCachingSHA2PasswordAuthPlugin
2025-02-12 16:57:07,467 - INFO - package: mysql.connector.plugins
2025-02-12 16:57:07,468 - INFO - plugin_name: mysql_native_password
2025-02-12 16:57:07,469 - INFO - AUTHENTICATION_PLUGIN_CLASS: MySQLNativePasswordAuthPlugin
2025-02-12 17:04:12,771 - INFO - package: mysql.connector.plugins
2025-02-12 17:04:12,771 - INFO - plugin_name: caching_sha2_password
2025-02-12 17:04:12,773 - INFO - AUTHENTICATION_PLUGIN_CLASS: MySQLCachingSHA2PasswordAuthPlugin
2025-02-12 17:04:12,774 - INFO - package: mysql.connector.plugins
2025-02-12 17:04:12,774 - INFO - plugin_name: mysql_native_password
2025-02-12 17:04:12,775 - INFO - AUTHENTICATION_PLUGIN_CLASS: MySQLNativePasswordAuthPlugin
2025-02-12 17:06:38,968 - INFO - package: mysql.connector.plugins
2025-02-12 17:06:38,968 - INFO - plugin_name: caching_sha2_password
2025-02-12 17:06:38,968 - INFO - AUTHENTICATION_PLUGIN_CLASS: MySQLCachingSHA2PasswordAuthPlugin
2025-02-12 17:06:38,968 - INFO - package: mysql.connector.plugins
2025-02-12 17:06:38,968 - INFO - plugin_name: mysql_native_password
2025-02-12 17:06:38,969 - INFO - AUTHENTICATION_PLUGIN_CLASS: MySQLNativePasswordAuthPlugin
2025-02-12 17:06:38,998 - INFO - Connection closed
2025-02-12 17:14:32,808 - INFO - package: mysql.connector.plugins
2025-02-12 17:14:32,808 - INFO - plugin_name: caching_sha2_password
2025-02-12 17:14:32,808 - INFO - AUTHENTICATION_PLUGIN_CLASS: MySQLCachingSHA2PasswordAuthPlugin
2025-02-12 17:14:32,809 - INFO - package: mysql.connector.plugins
2025-02-12 17:14:32,809 - INFO - plugin_name: mysql_native_password
2025-02-12 17:14:32,810 - INFO - AUTHENTICATION_PLUGIN_CLASS: MySQLNativePasswordAuthPlugin
2025-02-12 17:14:32,827 - INFO - Connection closed
2025-02-12 17:14:50,585 - INFO - package: mysql.connector.plugins
2025-02-12 17:14:50,585 - INFO - plugin_name: caching_sha2_password
2025-02-12 17:14:50,585 - INFO - AUTHENTICATION_PLUGIN_CLASS: MySQLCachingSHA2PasswordAuthPlugin
2025-02-12 17:14:50,585 - INFO - package: mysql.connector.plugins
2025-02-12 17:14:50,585 - INFO - plugin_name: mysql_native_password
2025-02-12 17:14:50,587 - INFO - AUTHENTICATION_PLUGIN_CLASS: MySQLNativePasswordAuthPlugin
2025-02-12 17:14:50,652 - INFO - Connection closed
2025-02-12 17:14:57,462 - INFO - Connection closed
2025-02-12 17:15:56,257 - INFO - Connection closed
2025-02-12 17:16:01,569 - INFO - Connection closed
2025-02-12 17:16:07,043 - INFO - Connection closed
2025-02-12 17:36:40,287 - INFO - Connection closed
2025-02-12 17:37:48,457 - INFO - Connection closed
2025-02-12 17:38:42,840 - INFO - Connection closed
2025-02-12 17:39:48,076 - INFO - Connection closed
2025-02-12 17:45:49,118 - INFO - Connection closed
2025-02-12 17:46:35,849 - INFO - Connection closed
2025-02-12 17:47:31,155 - INFO - Connection closed
2025-02-12 17:49:32,766 - INFO - Connection closed
2025-02-12 17:50:38,712 - INFO - Connection closed
2025-02-12 17:52:25,562 - INFO - Connection closed
2025-02-12 17:52:34,964 - INFO - Connection closed
2025-02-12 17:55:42,277 - INFO - Connection closed
2025-02-12 17:56:55,741 - INFO - Connection closed
2025-02-12 17:57:44,601 - INFO - Connection closed
2025-02-12 17:58:47,107 - INFO - Connection closed
2025-02-12 17:59:27,483 - INFO - Connection closed
2025-02-12 18:00:05,690 - INFO - Connection closed
2025-02-12 18:03:00,436 - INFO - Connection closed
2025-02-12 18:04:29,679 - INFO - Connection closed
2025-02-12 18:04:45,989 - INFO - Connection closed
2025-02-12 18:06:05,669 - INFO - Connection closed
2025-02-12 18:06:29,076 - INFO - Connection closed
2025-02-12 18:09:17,027 - INFO - Connection closed
2025-02-12 18:09:49,991 - INFO - Connection closed
2025-02-12 18:13:21,402 - ERROR - 1265 (01000): Data truncated for column 'reporter_sex' at row 1
2025-02-12 18:13:21,402 - ERROR - Reporter could not be created
2025-02-12 18:13:21,403 - INFO - Connection closed
2025-02-12 18:13:32,723 - INFO - Connection closed
2025-02-12 18:15:00,074 - ERROR - 1265 (01000): Data truncated for column 'reporter_sex' at row 1
2025-02-12 18:15:00,074 - ERROR - Reporter could not be created
2025-02-12 18:15:00,074 - INFO - Connection closed
2025-02-12 18:17:55,660 - INFO - Reporter created successfully with id: 21
2025-02-12 18:17:55,661 - INFO - Connection closed
2025-02-12 18:17:55,898 - ERROR - En progreso
2025-02-12 18:17:55,898 - ERROR - Case could not be created
2025-02-12 18:17:55,898 - ERROR - 2055: Lost connection to MySQL server at 'localhost:3306', system error: Errno 10038: An operation was attempted on something that is not a socket
2025-02-12 18:17:55,899 - INFO - Connection closed
2025-02-12 18:18:56,151 - INFO - Reporter created successfully with id: 22
2025-02-12 18:18:56,152 - INFO - Connection closed
2025-02-12 18:18:56,152 - ERROR - En progreso
2025-02-12 18:18:56,152 - ERROR - Case could not be created
2025-02-12 18:18:56,152 - ERROR - 2055: Lost connection to MySQL server at 'localhost:3306', system error: Errno 10038: An operation was attempted on something that is not a socket
2025-02-12 18:18:56,153 - INFO - Connection closed
2025-02-12 18:21:06,937 - INFO - package: mysql.connector.plugins
2025-02-12 18:21:06,937 - INFO - plugin_name: caching_sha2_password
2025-02-12 18:21:06,937 - INFO - AUTHENTICATION_PLUGIN_CLASS: MySQLCachingSHA2PasswordAuthPlugin
2025-02-12 18:21:06,938 - INFO - package: mysql.connector.plugins
2025-02-12 18:21:06,938 - INFO - plugin_name: mysql_native_password
2025-02-12 18:21:06,939 - INFO - AUTHENTICATION_PLUGIN_CLASS: MySQLNativePasswordAuthPlugin
2025-02-12 18:21:06,955 - INFO - Connection closed
2025-02-12 18:21:38,001 - INFO - Reporter created successfully with id: 23
2025-02-12 18:21:38,002 - INFO - Connection closed
2025-02-12 18:21:38,005 - ERROR - En progreso
2025-02-12 18:21:38,005 - ERROR - Case could not be created
2025-02-12 18:21:38,005 - ERROR - 2055: Lost connection to MySQL server at 'localhost:3306', system error: Errno 10038: An operation was attempted on something that is not a socket
2025-02-12 18:21:38,006 - INFO - Connection closed
2025-02-12 18:25:49,901 - INFO - package: mysql.connector.plugins
2025-02-12 18:25:49,902 - INFO - plugin_name: caching_sha2_password
2025-02-12 18:25:49,902 - INFO - AUTHENTICATION_PLUGIN_CLASS: MySQLCachingSHA2PasswordAuthPlugin
2025-02-12 18:25:49,903 - INFO - package: mysql.connector.plugins
2025-02-12 18:25:49,903 - INFO - plugin_name: mysql_native_password
2025-02-12 18:25:49,904 - INFO - AUTHENTICATION_PLUGIN_CLASS: MySQLNativePasswordAuthPlugin
2025-02-12 18:25:49,961 - INFO - Reporter created successfully with id: 24
2025-02-12 18:25:49,961 - INFO - Connection closed
2025-02-12 18:25:49,965 - ERROR - Case could not be created
2025-02-12 18:25:49,965 - ERROR - 2055: Lost connection to MySQL server at 'localhost:3306', system error: Errno 10038: An operation was attempted on something that is not a socket
2025-02-12 18:25:49,966 - INFO - Connection closed
2025-02-12 18:29:12,120 - INFO - package: mysql.connector.plugins
2025-02-12 18:29:12,121 - INFO - plugin_name: caching_sha2_password
2025-02-12 18:29:12,121 - INFO - AUTHENTICATION_PLUGIN_CLASS: MySQLCachingSHA2PasswordAuthPlugin
2025-02-12 18:29:12,121 - INFO - package: mysql.connector.plugins
2025-02-12 18:29:12,121 - INFO - plugin_name: mysql_native_password
2025-02-12 18:29:12,125 - INFO - AUTHENTICATION_PLUGIN_CLASS: MySQLNativePasswordAuthPlugin
2025-02-12 18:29:12,272 - INFO - Reporter created successfully with id: 25
2025-02-12 18:29:12,273 - INFO - Connection closed
2025-02-12 18:29:12,388 - INFO - Case created successfully
2025-02-12 18:29:12,388 - INFO - Connection closed
2025-02-12 19:16:12,916 - INFO - package: mysql.connector.plugins
2025-02-12 19:16:12,917 - INFO - plugin_name: caching_sha2_password
2025-02-12 19:16:12,917 - INFO - AUTHENTICATION_PLUGIN_CLASS: MySQLCachingSHA2PasswordAuthPlugin
2025-02-12 19:16:12,917 - INFO - package: mysql.connector.plugins
2025-02-12 19:16:12,918 - INFO - plugin_name: mysql_native_password
2025-02-12 19:16:12,919 - INFO - AUTHENTICATION_PLUGIN_CLASS: MySQLNativePasswordAuthPlugin
2025-02-12 19:16:12,971 - INFO - Connection closed
2025-02-12 19:16:19,474 - INFO - Connection closed
2025-02-12 19:16:23,112 - INFO - Connection closed
2025-02-12 19:23:00,810 - INFO - Connection closed
2025-02-12 19:24:05,010 - INFO - Connection closed
2025-02-12 19:24:05,113 - INFO - Connection closed
2025-02-12 19:24:05,217 - INFO - Connection closed
2025-02-12 19:24:05,325 - INFO - Connection closed
2025-02-12 19:24:37,235 - INFO - Connection closed
2025-02-12 19:24:37,315 - INFO - Connection closed
2025-02-12 19:24:40,155 - INFO - Connection closed
2025-02-12 19:24:40,230 - INFO - Connection closed
2025-02-12 19:24:41,804 - INFO - Connection closed
2025-02-12 19:24:42,173 - INFO - Connection closed
2025-02-12 19:24:43,207 - INFO - Connection closed
2025-02-12 19:24:43,284 - INFO - Connection closed
2025-02-12 19:24:44,250 - INFO - Connection closed
2025-02-12 19:24:44,312 - INFO - Connection closed
2025-02-12 19:24:46,054 - INFO - Connection closed
2025-02-12 19:24:46,173 - INFO - Connection closed
2025-02-12 19:24:47,160 - INFO - Connection closed
2025-02-12 19:24:47,213 - INFO - Connection closed
2025-02-12 19:25:36,162 - INFO - Connection closed
2025-02-12 19:25:36,241 - INFO - Connection closed
2025-02-12 19:27:34,900 - INFO - Connection closed
2025-02-12 19:27:34,967 - INFO - Connection closed
2025-02-12 19:27:36,641 - INFO - Connection closed
2025-02-12 19:27:36,741 - INFO - Connection closed
2025-02-12 19:33:28,153 - INFO - Connection closed
2025-02-12 19:33:28,208 - INFO - Connection closed
2025-02-12 19:33:30,395 - INFO - Connection closed
2025-02-12 19:33:30,443 - INFO - Connection closed
2025-02-12 19:33:52,858 - INFO - Connection closed
2025-02-12 19:33:52,912 - INFO - Connection closed
2025-02-12 19:33:55,727 - INFO - Connection closed
2025-02-12 19:33:55,775 - INFO - Connection closed
2025-02-12 19:33:59,038 - INFO - Connection closed
2025-02-12 19:33:59,096 - INFO - Connection closed
2025-02-12 19:37:36,169 - INFO - Connection closed
2025-02-12 19:37:36,248 - INFO - Connection closed
2025-02-12 19:37:39,917 - INFO - Connection closed
2025-02-12 19:37:39,972 - INFO - Connection closed
2025-02-12 19:39:26,750 - INFO - Connection closed
2025-02-12 19:39:26,804 - INFO - Connection closed
2025-02-12 19:39:28,500 - INFO - Connection closed
2025-02-12 19:39:28,573 - INFO - Connection closed
2025-02-12 19:39:40,044 - INFO - Connection closed
2025-02-12 19:39:40,114 - INFO - Connection closed
2025-02-12 19:39:47,412 - INFO - Connection closed
2025-02-12 19:39:47,468 - INFO - Connection closed
2025-02-12 19:39:59,898 - INFO - Connection closed
2025-02-12 19:39:59,954 - INFO - Connection closed
2025-02-12 19:40:01,404 - INFO - Connection closed
2025-02-12 19:40:01,468 - INFO - Connection closed
2025-02-12 19:40:29,508 - INFO - Connection closed
2025-02-12 19:40:29,571 - INFO - Connection closed
2025-02-12 19:41:14,983 - INFO - Connection closed
2025-02-12 19:41:15,056 - INFO - Connection closed
2025-02-12 19:41:17,588 - INFO - Connection closed
2025-02-12 19:41:17,636 - INFO - Connection closed
2025-02-12 19:41:18,636 - INFO - Connection closed
2025-02-12 19:41:18,684 - INFO - Connection closed
2025-02-12 19:41:21,555 - INFO - Connection closed
2025-02-12 19:41:21,602 - INFO - Connection closed
2025-02-12 19:41:23,642 - INFO - Connection closed
2025-02-12 19:41:23,697 - INFO - Connection closed
2025-02-12 19:41:25,649 - INFO - Connection closed
2025-02-12 19:41:25,697 - INFO - Connection closed
2025-02-12 19:41:31,885 - INFO - Connection closed
2025-02-12 19:41:31,940 - INFO - Connection closed
2025-02-12 19:41:38,564 - INFO - Connection closed
2025-02-12 19:41:38,612 - INFO - Connection closed
2025-02-12 19:41:41,888 - INFO - Connection closed
2025-02-12 19:41:41,946 - INFO - Connection closed
2025-02-12 19:42:24,709 - INFO - Connection closed
2025-02-12 19:42:24,765 - INFO - Connection closed
2025-02-12 19:42:26,074 - INFO - Connection closed
2025-02-12 19:42:26,135 - INFO - Connection closed
2025-02-12 19:42:27,877 - INFO - Connection closed
2025-02-12 19:42:27,933 - INFO - Connection closed
2025-02-12 19:42:29,088 - INFO - Connection closed
2025-02-12 19:42:29,151 - INFO - Connection closed
2025-02-12 19:42:30,459 - INFO - Connection closed
2025-02-12 19:42:30,523 - INFO - Connection closed
2025-02-12 19:42:31,546 - INFO - Connection closed
2025-02-12 19:42:31,602 - INFO - Connection closed
2025-02-12 19:42:33,594 - INFO - Connection closed
2025-02-12 19:42:33,653 - INFO - Connection closed
2025-02-12 19:42:35,021 - INFO - Connection closed
2025-02-12 19:42:35,079 - INFO - Connection closed
2025-02-12 19:42:39,509 - INFO - Connection closed
2025-02-12 19:42:39,564 - INFO - Connection closed
2025-02-12 20:09:53,734 - INFO - package: mysql.connector.plugins
2025-02-12 20:09:53,735 - INFO - plugin_name: caching_sha2_password
2025-02-12 20:09:53,735 - INFO - AUTHENTICATION_PLUGIN_CLASS: MySQLCachingSHA2PasswordAuthPlugin
2025-02-12 20:09:53,735 - INFO - package: mysql.connector.plugins
2025-02-12 20:09:53,735 - INFO - plugin_name: mysql_native_password
2025-02-12 20:09:53,739 - INFO - AUTHENTICATION_PLUGIN_CLASS: MySQLNativePasswordAuthPlugin
2025-02-12 20:09:53,759 - INFO - Connection closed
2025-02-12 20:09:53,804 - INFO - Connection closed
2025-02-12 20:09:56,476 - INFO - Connection closed
2025-02-12 20:09:56,520 - INFO - Connection closed
2025-02-12 20:09:57,485 - INFO - Connection closed
2025-02-12 20:09:57,530 - INFO - Connection closed
2025-02-12 20:11:36,457 - INFO - Connection closed
2025-02-12 20:11:36,501 - INFO - Connection closed
2025-02-12 20:19:32,753 - INFO - Connection closed
2025-02-12 20:19:32,800 - INFO - Connection closed
2025-02-12 20:20:07,140 - INFO - Connection closed
2025-02-12 20:20:07,200 - INFO - Connection closed
2025-02-12 20:23:16,372 - INFO - Connection closed
2025-02-12 20:23:16,434 - INFO - Connection closed
2025-02-12 20:31:06,488 - INFO - Connection closed
2025-02-12 20:31:06,558 - INFO - Connection closed
2025-02-12 20:32:57,118 - INFO - Connection closed
2025-02-12 20:32:57,166 - INFO - Connection closed
2025-02-12 20:33:06,921 - INFO - Connection closed
2025-02-12 20:33:06,976 - INFO - Connection closed
2025-02-12 21:00:32,037 - INFO - Connection closed
2025-02-12 21:00:32,091 - INFO - Connection closed
2025-02-12 21:42:05,649 - INFO - package: mysql.connector.plugins
2025-02-12 21:42:05,649 - INFO - plugin_name: caching_sha2_password
2025-02-12 21:42:05,649 - INFO - AUTHENTICATION_PLUGIN_CLASS: MySQLCachingSHA2PasswordAuthPlugin
2025-02-12 21:42:05,662 - INFO - package: mysql.connector.plugins
2025-02-12 21:42:05,663 - INFO - plugin_name: mysql_native_password
2025-02-12 21:42:05,664 - INFO - AUTHENTICATION_PLUGIN_CLASS: MySQLNativePasswordAuthPlugin
2025-02-12 21:42:05,763 - INFO - Connection closed
2025-02-12 21:42:19,795 - ERROR - 1064 (42000): You have an error in your SQL syntax; check the manual that corresponds to your MySQL server version for the right syntax to use near 'reporter_id = 2' at line 1
2025-02-12 21:42:19,796 - INFO - Connection closed
2025-02-12 21:45:24,020 - INFO - Connection closed
2025-02-12 21:45:37,455 - ERROR - 1064 (42000): You have an error in your SQL syntax; check the manual that corresponds to your MySQL server version for the right syntax to use near 'report_id = 1' at line 1
2025-02-12 21:45:37,455 - INFO - Connection closed
2025-02-12 21:46:52,065 - INFO - Connection closed
2025-02-12 21:46:52,140 - INFO - Connection closed
2025-02-12 21:46:56,454 - INFO - Connection closed
2025-02-12 21:46:56,528 - INFO - Connection closed
2025-02-12 21:46:59,669 - INFO - Connection closed
2025-02-12 21:46:59,728 - INFO - Connection closed
2025-02-12 21:47:01,390 - INFO - Connection closed
2025-02-12 21:47:01,446 - INFO - Connection closed
2025-02-12 21:47:04,543 - INFO - Connection closed
2025-02-12 21:47:04,594 - INFO - Connection closed
2025-02-12 21:49:53,488 - INFO - package: mysql.connector.plugins
2025-02-12 21:49:53,488 - INFO - plugin_name: caching_sha2_password
2025-02-12 21:49:53,488 - INFO - AUTHENTICATION_PLUGIN_CLASS: MySQLCachingSHA2PasswordAuthPlugin
2025-02-12 21:49:53,488 - INFO - package: mysql.connector.plugins
2025-02-12 21:49:53,488 - INFO - plugin_name: mysql_native_password
2025-02-12 21:49:53,489 - INFO - AUTHENTICATION_PLUGIN_CLASS: MySQLNativePasswordAuthPlugin
2025-02-12 21:49:53,502 - INFO - Connection closed
2025-02-12 21:49:53,579 - INFO - Connection closed
2025-02-12 21:50:01,661 - ERROR - 1064 (42000): You have an error in your SQL syntax; check the manual that corresponds to your MySQL server version for the right syntax to use near 'report_id = 1' at line 1
2025-02-12 21:50:01,661 - INFO - Connection closed
2025-02-12 21:58:11,618 - INFO - package: mysql.connector.plugins
2025-02-12 21:58:11,618 - INFO - plugin_name: caching_sha2_password
2025-02-12 21:58:11,619 - INFO - AUTHENTICATION_PLUGIN_CLASS: MySQLCachingSHA2PasswordAuthPlugin
2025-02-12 21:58:11,619 - INFO - package: mysql.connector.plugins
2025-02-12 21:58:11,619 - INFO - plugin_name: mysql_native_password
2025-02-12 21:58:11,620 - INFO - AUTHENTICATION_PLUGIN_CLASS: MySQLNativePasswordAuthPlugin
2025-02-12 21:58:11,675 - INFO - Connection closed
2025-02-12 21:58:40,484 - INFO - package: mysql.connector.plugins
2025-02-12 21:58:40,485 - INFO - plugin_name: caching_sha2_password
2025-02-12 21:58:40,485 - INFO - AUTHENTICATION_PLUGIN_CLASS: MySQLCachingSHA2PasswordAuthPlugin
2025-02-12 21:58:40,485 - INFO - package: mysql.connector.plugins
2025-02-12 21:58:40,485 - INFO - plugin_name: mysql_native_password
2025-02-12 21:58:40,486 - INFO - AUTHENTICATION_PLUGIN_CLASS: MySQLNativePasswordAuthPlugin
2025-02-12 21:58:40,513 - INFO - Connection closed
2025-02-12 21:58:45,937 - INFO - Connection closed
2025-02-12 21:58:50,202 - INFO - Connection closed
2025-02-12 22:01:58,502 - INFO - Connection closed
2025-02-12 22:02:15,730 - INFO - Connection closed
2025-02-12 22:02:15,796 - INFO - Connection closed
2025-02-12 22:03:37,578 - INFO - Connection closed
2025-02-12 22:06:26,586 - INFO - Connection closed
2025-02-12 22:20:09,607 - INFO - Connection closed
2025-02-12 22:20:09,666 - INFO - Connection closed
2025-02-12 22:20:20,266 - INFO - Connection closed
2025-02-12 22:27:24,917 - INFO - Connection closed
2025-02-12 22:31:50,499 - INFO - Connection closed
2025-02-12 22:32:39,604 - INFO - Connection closed
2025-02-12 22:46:57,060 - INFO - Connection closed
2025-02-12 22:46:57,127 - INFO - Connection closed
2025-02-12 22:47:01,130 - INFO - Connection closed
2025-02-12 22:47:07,392 - INFO - Connection closed
2025-02-12 22:47:07,447 - INFO - Connection closed
2025-02-12 22:47:52,805 - INFO - Connection closed
2025-02-12 22:47:52,980 - INFO - Connection closed
2025-02-12 22:48:27,073 - INFO - Connection closed
2025-02-12 22:49:16,184 - INFO - Connection closed
2025-02-12 22:49:16,238 - INFO - Connection closed
2025-02-12 22:49:19,236 - INFO - Connection closed
2025-02-12 22:49:24,906 - INFO - Connection closed
2025-02-12 22:49:47,789 - INFO - Connection closed
2025-02-12 22:50:11,852 - INFO - Connection closed
2025-02-12 22:50:15,152 - INFO - Connection closed
2025-02-12 22:53:02,769 - INFO - Connection closed
2025-02-12 22:53:02,827 - INFO - Connection closed
